[INFO] Scanning for projects...
[WARNING] 
[WARNING] Some problems were encountered while building the effective model for Experiments:Experiments:jar:0.0.1
[WARNING] 'dependencies.dependency.systemPath' for com.sample:jim:jar should not point at files within the project directory, ${project.basedir}/jimStlMeshImporterJFX.jar will be unresolvable by dependent projects @ line 253, column 19
[WARNING] 
[WARNING] It is highly recommended to fix these problems because they threaten the stability of your build.
[WARNING] 
[WARNING] For this reason, future Maven versions might no longer support building such malformed projects.
[WARNING] 
[INFO] 
[INFO] ----------------------< Experiments:Experiments >-----------------------
[INFO] Building Experiments 0.0.1
[INFO] --------------------------------[ jar ]---------------------------------
[INFO] 
[INFO] --- maven-clean-plugin:2.5:clean (default-clean) @ Experiments ---
[INFO] Deleting C:\Users\guilherme.hmedeiros\git\FXperiment\target
[INFO] 
[INFO] --- jacoco-maven-plugin:0.8.1:prepare-agent (default-cli) @ Experiments ---
[INFO] argLine set to -javaagent:C:\\Users\\guilherme.hmedeiros\\.m2\\repository\\org\\jacoco\\org.jacoco.agent\\0.8.1\\org.jacoco.agent-0.8.1-runtime.jar=destfile=C:\\Users\\guilherme.hmedeiros\\git\\FXperiment\\target\\jacoco.exec
[INFO] 
[INFO] --- maven-resources-plugin:2.6:resources (default-resources) @ Experiments ---
[INFO] Using 'UTF-8' encoding to copy filtered resources.
[INFO] Copying 2114 resources
[INFO] 
[INFO] --- maven-compiler-plugin:3.1:compile (default-compile) @ Experiments ---
[INFO] Changes detected - recompiling the module!
[INFO] Compiling 445 source files to C:\Users\guilherme.hmedeiros\git\FXperiment\target\classes
[INFO] 
[INFO] --- maven-resources-plugin:2.6:testResources (default-testResources) @ Experiments ---
[INFO] Using 'UTF-8' encoding to copy filtered resources.
[INFO] skip non existing resourceDirectory C:\Users\guilherme.hmedeiros\git\FXperiment\src\test\resources
[INFO] 
[INFO] --- maven-compiler-plugin:3.1:testCompile (default-testCompile) @ Experiments ---
[INFO] Changes detected - recompiling the module!
[INFO] Compiling 28 source files to C:\Users\guilherme.hmedeiros\git\FXperiment\target\test-classes
[INFO] 
[INFO] --- maven-surefire-plugin:2.19.1:test (default-test) @ Experiments ---

-------------------------------------------------------
 T E S T S
-------------------------------------------------------
Running crypt.FXEngineGraphTest
 INFO: Thread - CYCLE FOUND 
Tests run: 3, Failures: 0, Errors: 0, Skipped: 0, Time elapsed: 20.682 sec - in crypt.FXEngineGraphTest
Running crypt.FXEngineRosarioTest
 INFO: FXEngineRosarioTest - STARTING FXEngineRosarioTest 
 INFO: FXEngineRosarioTest - FXEngineRosarioTest STARTED 
 INFO: FXEngineRosarioTest - VERIFYING FXEngineRosarioTest  
 INFO: FXEngineRosarioTest - VERIFIED FXEngineRosarioTest  
Tests run: 1, Failures: 0, Errors: 0, Skipped: 0, Time elapsed: 6.085 sec - in crypt.FXEngineRosarioTest
Running crypt.FXEngineTest
Tests run: 1, Failures: 0, Errors: 0, Skipped: 0, Time elapsed: 11.862 sec - in crypt.FXEngineTest
Running crypt.FXEngineWordSearchTest
 INFO: Nd4jBackend - Loaded [CpuBackend] backend 
 INFO: NativeOpsHolder - Number of threads used for NativeOps: 4 
 INFO: Nd4jBlas - Number of threads used for BLAS: 4 
 INFO: DefaultOpExecutioner - Backend used: [CPU]; OS: [Windows 10] 
 INFO: DefaultOpExecutioner - Cores: [8]; Memory: [3,4GB]; 
 INFO: DefaultOpExecutioner - Blas vendor: [OPENBLAS] 
Tests run: 1, Failures: 0, Errors: 0, Skipped: 0, Time elapsed: 12.729 sec - in crypt.FXEngineWordSearchTest
Running crypt.FXHibernateTest
 INFO: Version - HHH000412: Hibernate Core {5.2.10.Final} 
 INFO: Environment - HHH000206: hibernate.properties not found 
 INFO: Version - HCANN000001: Hibernate Commons Annotations {5.0.1.Final} 
 WARN: ConnectionProviderInitiator - HHH000022: c3p0 properties were encountered, but the c3p0 provider class was not found on the classpath; these properties are going to be ignored. 
 WARN: pooling - HHH10001002: Using Hibernate built-in connection pool (not for production use!) 
 INFO: pooling - HHH10001005: using driver [org.h2.Driver] at URL [jdbc:h2:tcp://localhost:9101/~./jap;LOCK_MODE=0] 
 INFO: pooling - HHH10001001: Connection properties: {user=sa, password=****, autocommit=true} 
 INFO: pooling - HHH10001003: Autocommit mode: true 
 INFO: DriverManagerConnectionProviderImpl - HHH000115: Hibernate connection pool size: 20 (min=1) 
 INFO: Dialect - HHH000400: Using dialect: org.hibernate.dialect.H2Dialect 
 INFO: FXTesting - JapaneseLessonReader.getLessons took 000:00:07.110 
 INFO: QueryTranslatorFactoryInitiator - HHH000397: Using ASTQueryTranslatorFactory 
 INFO: CrawlerFuriganaTask - \documentclass[10pt,a4paper]{article} 
 INFO: CrawlerFuriganaTask - \usepackage{CJKutf8} 
 INFO: CrawlerFuriganaTask - \date{} 
 INFO: CrawlerFuriganaTask - \author{?????????} 
 INFO: CrawlerFuriganaTask - \usepackage[left=2cm,right=2cm,top=2cm,bottom=2cm]{geometry} 
 INFO: CrawlerFuriganaTask -  
 INFO: CrawlerFuriganaTask - \usepackage{amsmath} 
 INFO: CrawlerFuriganaTask - \begin{CJK}{UTF8}{min} 
 INFO: CrawlerFuriganaTask - \begin{document} 
 INFO: CrawlerFuriganaTask -  
 INFO: CrawlerFuriganaTask -  
 INFO: CrawlerFuriganaTask - \maketitle 
 INFO: CrawlerFuriganaTask -  
 INFO: CrawlerFuriganaTask -  
 INFO: CrawlerFuriganaTask - \tableofcontents 
 INFO: CrawlerFuriganaTask -  
 INFO: CrawlerFuriganaTask -  
 INFO: CrawlerFuriganaTask -  
 INFO: CrawlerFuriganaTask - \renewcommand*\contentsname{$\stackrel{\text{???}}{\text{??}}$} 
 INFO: CrawlerFuriganaTask - \title{????????$\stackrel{\text{????}}{\text{??}}$?$\stackrel{\text{??}}{\text{?}}$} 
 INFO: CrawlerFuriganaTask - \section{$\stackrel{\text{??}}{\text{?}}$?$\stackrel{\text{???}}{\text{?}}$?$\stackrel{\text{?}}{\text{?}}$?$\stackrel{\text{??}}{\text{?}}$??$\stackrel{\text{???}}{\text{?}}$?$\stackrel{\text{?}}{\text{?}}$ -- The Boy Who Lived} 
 INFO: CrawlerFuriganaTask - ???$\stackrel{\text{?}}{\text{?}}$?$\stackrel{\text{??}}{\text{?}}$?????$\stackrel{\text{?}}{\text{?}}$?$\stackrel{\text{?}}{\text{?}}$???????$\stackrel{\text{??}}{\text{?}}$??????$\stackrel{\text{??}}{\text{?}}$?$\stackrel{\text{???}}{\text{??}}$?????????$\stackrel{\text{??}}{\text{?}}$????$\stackrel{\text{??}}{\text{?}}$????$\stackrel{\text{???}}{\text{??}}$?$\stackrel{\text{?}}{\text{?}}$???????????? 
 INFO: CrawlerFuriganaTask - ?????$\stackrel{\text{??}}{\text{?}}$?????$\stackrel{\text{?????}}{\text{??}}$?????$\stackrel{\text{???}}{\text{??}}$??????????$\stackrel{\text{???}}{\text{?}}$???????????????????$\stackrel{\text{????}}{\text{??}}$????$\stackrel{\text{?}}{\text{?}}$???$\stackrel{\text{???}}{\text{??}}$????$\stackrel{\text{???}}{\text{???}}$??$\stackrel{\text{???}}{\text{??}}$?????$\stackrel{\text{??????}}{\text{???}}$??????$\stackrel{\text{??}}{\text{?}}$???$\stackrel{\text{????}}{\text{??}}$????$\stackrel{\text{???}}{\text{???}}$?$\stackrel{\text{????}}{\text{???}}$?$\stackrel{\text{??}}{\text{?}}$??$\stackrel{\text{?????}}{\text{??}}$?$\stackrel{\text{?}}{\text{?}}$??????????$\stackrel{\text{???}}{\text{?}}$???????? 
ERROR: Thread -  
java.lang.InterruptedException: sleep interrupted
	at java.lang.Thread.sleep(Native Method)
	at fxproexercises.ch06.SimpleTask.call(SimpleTask.java:25)
	at fxproexercises.ch06.SimpleTask.call(SimpleTask.java:8)
	at javafx.concurrent.Task$TaskCallable.call(Task.java:1423)
	at java.util.concurrent.FutureTask.run(FutureTask.java:266)
	at java.lang.Thread.run(Thread.java:748)
 INFO: ContestReader - Text max size 3441 
 INFO: FXTesting - TESTING ElectionCrawlerApp 
 INFO: FXTesting - ENDED ElectionCrawlerApp 
 INFO: FXTesting - 1/5 done 
 INFO: FXTesting - TESTING JapaneseLessonApplication 
 INFO: FXTesting - ENDED JapaneseLessonApplication 
 INFO: FXTesting - 2/5 done 
 INFO: FXTesting - TESTING JapaneseLessonEditingDisplay 
 INFO: FXTesting - ENDED JapaneseLessonEditingDisplay 
 INFO: FXTesting - 3/5 done 
 INFO: FXTesting - TESTING JapaneseLessonAudioSplitDisplay 
 INFO: FXTesting - ENDED JapaneseLessonAudioSplitDisplay 
 INFO: FXTesting - 4/5 done 
 INFO: FXTesting - TESTING JapaneseLessonDisplay 
 INFO: FXTesting - ENDED JapaneseLessonDisplay 
 INFO: FXTesting - 5/5 done 
 INFO: pooling - HHH10001008: Cleaning up connection pool [jdbc:h2:tcp://localhost:9101/~./jap;LOCK_MODE=0] 
Tests run: 1, Failures: 0, Errors: 0, Skipped: 0, Time elapsed: 38.689 sec - in crypt.FXHibernateTest
Running crypt.FXLabyrinthTest
 INFO: RubiksCubeLauncher - DOWN 
 INFO: RubiksCubeLauncher - DOWN 
 INFO: RubiksCubeLauncher - RIGHT 
 INFO: RubiksCubeLauncher - DOWN 
 INFO: RubiksCubeLauncher - RIGHT 
 INFO: RubiksCubeLauncher - LEFT 
 INFO: RubiksCubeLauncher - DOWN 
 INFO: RubiksCubeLauncher - RIGHT 
 INFO: RubiksCubeLauncher - LEFT 
 INFO: RubiksCubeLauncher - UP 
 INFO: RubiksCubeLauncher - DOWN 
 INFO: RubiksCubeLauncher - RIGHT 
 INFO: RubiksCubeLauncher - LEFT 
 INFO: RubiksCubeLauncher - UP 
 INFO: RubiksCubeLauncher - DOWN 
 INFO: RubiksCubeLauncher - BACK 
 INFO: RubiksCubeLauncher - RIGHT 
 INFO: RubiksCubeLauncher - LEFT 
 INFO: RubiksCubeLauncher - UP 
 INFO: RubiksCubeLauncher - DOWN 
 INFO: RubiksCubeLauncher - BACK 
 INFO: RubiksCubeLauncher - FRONT 
 INFO: CrawlerFuriganaTask - ?????$\stackrel{\text{?}}{\text{?}}$??$\stackrel{\text{??}}{\text{?}}$??????$\stackrel{\text{????}}{\text{??}}$??????????$\stackrel{\text{???}}{\text{?}}$?$\stackrel{\text{?????}}{\text{??}}$???????$\stackrel{\text{??}}{\text{?}}$?????$\stackrel{\text{????}}{\text{??}}$?????$\stackrel{\text{??}}{\text{?}}$?????????????$\stackrel{\text{????}}{\text{??}}$?$\stackrel{\text{??}}{\text{?}}$??????????$\stackrel{\text{??}}{\text{?}}$???$\stackrel{\text{??}}{\text{?}}$?????$\stackrel{\text{????}}{\text{??}}$?????$\stackrel{\text{??}}{\text{?}}$?$\stackrel{\text{???}}{\text{?}}$??$\stackrel{\text{???}}{\text{??}}$?$\stackrel{\text{??}}{\text{?}}$?$\stackrel{\text{???}}{\text{??}}$????$\stackrel{\text{????}}{\text{???}}$???$\stackrel{\text{????}}{\text{??}}$?$\stackrel{\text{???}}{\text{??}}$?$\stackrel{\text{????}}{\text{??}}$????$\stackrel{\text{???}}{\text{??}}$??????$\stackrel{\text{??}}{\text{?}}$????$\stackrel{\text{??}}{\text{?}}$?$\stackrel{\text{??}}{\text{?}}$?$\stackrel{\text{???}}{\text{??}}$?????????$\stackrel{\text{???}}{\text{??}}$?????????$\stackrel{\text{???}}{\text{?}}$?$\stackrel{\text{?}}{\text{?}}$???????$\stackrel{\text{??}}{\text{?}}$?????????????$\stackrel{\text{?}}{\text{?}}$????????????$\stackrel{\text{???}}{\text{??}}$?$\stackrel{\text{??}}{\text{?}}$???$\stackrel{\text{???}}{\text{??}}$???? 
 INFO: RubiksCubeLauncher - 25 20 27 
12 05 10 
01 04 21 
18 11 24 
13 14 15 
16 17 02 
09 22 19 
08 23 26 
03 06 07 

 
Tests run: 1, Failures: 0, Errors: 0, Skipped: 0, Time elapsed: 16.362 sec - in crypt.FXLabyrinthTest
Running crypt.FXTest
 INFO: FXTesting - TESTING AreaChartExample 
 INFO: FXTesting - ENDED AreaChartExample 
 INFO: FXTesting - 1/40 done 
 INFO: FXTesting - TESTING BackgroundProcesses 
 INFO: FXTesting - ENDED BackgroundProcesses 
 INFO: FXTesting - 2/40 done 
 INFO: FXTesting - TESTING PieGraphExample 
 INFO: FXTesting - ENDED PieGraphExample 
 INFO: FXTesting - 3/40 done 
 INFO: FXTesting - TESTING BarChartExample 
 INFO: FXTesting - ENDED BarChartExample 
 INFO: FXTesting - 4/40 done 
 INFO: FXTesting - TESTING BoundsPlayground 
 INFO: FXTesting - ENDED BoundsPlayground 
 INFO: FXTesting - 5/40 done 
 INFO: FXTesting - TESTING BubbleChartExample 
 INFO: FXTesting - ENDED BubbleChartExample 
 INFO: FXTesting - 6/40 done 
 INFO: FXTesting - TESTING CenterUsingBind 
 INFO: FXTesting - ENDED CenterUsingBind 
 INFO: FXTesting - 7/40 done 
 INFO: FXTesting - TESTING CenterUsingStack 
 INFO: FXTesting - ENDED CenterUsingStack 
 INFO: FXTesting - 8/40 done 
 INFO: FXTesting - TESTING ChangingTextFonts 
 INFO: FXTesting - ENDED ChangingTextFonts 
 INFO: FXTesting - 9/40 done 
 INFO: FXTesting - TESTING Chart3dDemo 
 INFO: FXTesting - ENDED Chart3dDemo 
 INFO: FXTesting - 10/40 done 
 INFO: FXTesting - TESTING Chart3dGraph 
 INFO: FXTesting - ENDED Chart3dGraph 
 INFO: FXTesting - 11/40 done 
 INFO: FXTesting - TESTING Chart3dSampleApp 
 INFO: FXTesting - ENDED Chart3dSampleApp 
 INFO: FXTesting - 12/40 done 
 INFO: FXTesting - TESTING ContestQuestionEditingDisplay 
 INFO: FXTesting - ENDED ContestQuestionEditingDisplay 
 INFO: FXTesting - 13/40 done 
 INFO: FXTesting - TESTING CSSStylingExample 
 INFO: FXTesting - ENDED CSSStylingExample 
 INFO: FXTesting - 14/40 done 
 INFO: FXTesting - TESTING Cubes3D 
 INFO: FXTesting - ENDED Cubes3D 
 INFO: FXTesting - 15/40 done 
 INFO: FXTesting - TESTING DeathStar 
 INFO: FXTesting - ENDED DeathStar 
 INFO: FXTesting - 16/40 done 
 INFO: FXTesting - TESTING DotsLauncher 
 INFO: FXTesting - ENDED DotsLauncher 
 INFO: FXTesting - 17/40 done 
 INFO: FXTesting - TESTING DrawingColors 
 INFO: FXTesting - ENDED DrawingColors 
 INFO: FXTesting - 18/40 done 
 INFO: FXTesting - TESTING DrawingLines 
 INFO: FXTesting - ENDED DrawingLines 
 INFO: FXTesting - 19/40 done 
 INFO: FXTesting - TESTING DrawingShape 
 INFO: FXTesting - ENDED DrawingShape 
 INFO: FXTesting - 20/40 done 
 INFO: FXTesting - TESTING DrawingText 
 INFO: FXTesting - ENDED DrawingText 
 INFO: FXTesting - 21/40 done 
 INFO: FXTesting - TESTING EarthriseChristmasApp 
 INFO: FXTesting - ENDED EarthriseChristmasApp 
 INFO: FXTesting - TESTING ElectionCrawlerApp 
 INFO: FXTesting - 22/40 done 
 INFO: FXTesting - ENDED ElectionCrawlerApp 
 INFO: FXTesting - 23/40 done 
 INFO: FXTesting - TESTING FormValidation 
 INFO: FXTesting - ENDED FormValidation 
 INFO: FXTesting - 24/40 done 
 INFO: FXTesting - TESTING FuriganaCrawlerApp 
 INFO: FXTesting - ENDED FuriganaCrawlerApp 
 INFO: FXTesting - 25/40 done 
 INFO: FXTesting - TESTING GlobeSphereApp 
 INFO: FXTesting - ENDED GlobeSphereApp 
 INFO: FXTesting - 26/40 done 
 INFO: FXTesting - TESTING GolfBall 
 INFO: FXTesting - ENDED GolfBall 
 INFO: FXTesting - 27/40 done 
 INFO: FXTesting - TESTING GraphModelLauncher 
 INFO: FXTesting - ENDED GraphModelLauncher 
 INFO: FXTesting - 28/40 done 
 INFO: FXTesting - TESTING GridPaneForm 
 INFO: FXTesting - ENDED GridPaneForm 
 INFO: FXTesting - 29/40 done 
 INFO: FXTesting - TESTING HeatGraphExample 
 INFO: FXTesting - ENDED HeatGraphExample 
 INFO: FXTesting - TESTING HelloWorldApp 
 INFO: FXTesting - 30/40 done 
 INFO: FXTesting - ENDED HelloWorldApp 
 INFO: FXTesting - TESTING HistogramExample 
 INFO: FXTesting - 31/40 done 
 INFO: FXTesting - ENDED HistogramExample 
 INFO: FXTesting - 32/40 done 
 INFO: FXTesting - TESTING EarthCubeMain 
 INFO: FXTesting - ENDED EarthCubeMain 
 INFO: FXTesting - 33/40 done 
 INFO: FXTesting - TESTING InlineModelViewer 
 INFO: FXTesting - ENDED InlineModelViewer 
 INFO: FXTesting - 34/40 done 
 INFO: FXTesting - TESTING LineChartExample 
 INFO: FXTesting - ENDED LineChartExample 
 INFO: FXTesting - 35/40 done 
 INFO: FXTesting - TESTING LineManipulator 
 INFO: FXTesting - ENDED LineManipulator 
 INFO: FXTesting - TESTING LookNFeelChooser 
 INFO: FXTesting - 36/40 done 
 INFO: FXTesting - ENDED LookNFeelChooser 
 INFO: FXTesting - 37/40 done 
 INFO: FXTesting - TESTING TableVisualizationExampleApp 
 INFO: FXTesting - ENDED TableVisualizationExampleApp 
 INFO: FXTesting - TESTING MadMazeLauncher 
 INFO: FXTesting - 38/40 done 
 INFO: FXTesting - ENDED MadMazeLauncher 
 INFO: FXTesting - TESTING ArkanoidLauncher 
 INFO: FXTesting - 39/40 done 
 INFO: FXTesting - ENDED ArkanoidLauncher 
 INFO: FXTesting - 40/40 done 
 INFO: FXTesting - TESTING MapGraph 
 INFO: FXTesting - ENDED MapGraph 
 INFO: FXTesting - 1/35 done 
 INFO: FXTesting - TESTING Maze3DLauncher 
 INFO: FXTesting - ENDED Maze3DLauncher 
 INFO: FXTesting - 2/35 done 
 INFO: FXTesting - TESTING MazeLauncher 
 INFO: FXTesting - ENDED MazeLauncher 
 INFO: FXTesting - 3/35 done 
 INFO: FXTesting - TESTING MediaPlayerExample 
 INFO: FXTesting - ENDED MediaPlayerExample 
 INFO: FXTesting - 4/35 done 
 INFO: FXTesting - TESTING MemoryLauncher 
 INFO: FXTesting - ENDED MemoryLauncher 
 INFO: FXTesting - 5/35 done 
 INFO: FXTesting - TESTING MinesweeperLauncher 
 INFO: FXTesting - ENDED MinesweeperLauncher 
 INFO: FXTesting - 6/35 done 
 INFO: FXTesting - TESTING MoleculeSampleApp 
 INFO: FXTesting - ENDED MoleculeSampleApp 
 INFO: FXTesting - 7/35 done 
 INFO: FXTesting - TESTING MultilineExample 
 INFO: FXTesting - ENDED MultilineExample 
 INFO: FXTesting - 8/35 done 
 INFO: FXTesting - TESTING NumberDisplayLauncher 
 INFO: FXTesting - ENDED NumberDisplayLauncher 
 INFO: FXTesting - 9/35 done 
 INFO: FXTesting - TESTING NumberPad 
 INFO: FXTesting - ENDED NumberPad 
 INFO: FXTesting - 10/35 done 
 INFO: FXTesting - TESTING OrganizadorMusicas 
 INFO: FXTesting - ENDED OrganizadorMusicas 
 INFO: FXTesting - 11/35 done 
 INFO: FXTesting - TESTING PacmanLauncher 
 INFO: FXTesting - ENDED PacmanLauncher 
 INFO: FXTesting - 12/35 done 
 INFO: FXTesting - TESTING PathTransitionExample 
 INFO: FXTesting - ENDED PathTransitionExample 
 INFO: FXTesting - 13/35 done 
 INFO: FXTesting - TESTING PendulumAnimationLauncher 
 INFO: FXTesting - ENDED PendulumAnimationLauncher 
 INFO: FXTesting - 14/35 done 
 INFO: FXTesting - TESTING PersonTableController 
 INFO: FXTesting - ENDED PersonTableController 
 INFO: FXTesting - 15/35 done 
 INFO: FXTesting - TESTING PhotoViewer 
 INFO: FXTesting - ENDED PhotoViewer 
 INFO: FXTesting - 16/35 done 
 INFO: FXTesting - TESTING PieChartExample 
 INFO: FXTesting - ENDED PieChartExample 
 INFO: FXTesting - 17/35 done 
 INFO: FXTesting - TESTING PlatformMain 
 INFO: FXTesting - ENDED PlatformMain 
 INFO: FXTesting - 18/35 done 
 INFO: FXTesting - TESTING PointsExample 
 INFO: FXTesting - ENDED PointsExample 
 INFO: FXTesting - 19/35 done 
 INFO: FXTesting - TESTING PongLauncher 
 INFO: FXTesting - ENDED PongLauncher 
 INFO: FXTesting - 20/35 done 
 INFO: FXTesting - TESTING PopulacionalPyramidExample 
 INFO: FXTesting - ENDED PopulacionalPyramidExample 
 INFO: FXTesting - 21/35 done 
 INFO: FXTesting - TESTING PuzzleLauncher 
 INFO: FXTesting - ENDED PuzzleLauncher 
 INFO: FXTesting - 22/35 done 
 INFO: FXTesting - TESTING QuartoLauncher 
 INFO: FXTesting - ENDED QuartoLauncher 
 INFO: FXTesting - 23/35 done 
 INFO: FXTesting - TESTING RaspiCycle 
 INFO: FXTesting - ENDED RaspiCycle 
 INFO: FXTesting - 24/35 done 
 INFO: FXTesting - TESTING RegressionChartExample 
 INFO: FXTesting - ENDED RegressionChartExample 
 INFO: FXTesting - 25/35 done 
 INFO: FXTesting - TESTING ResponsiveUIApp 
 INFO: FXTesting - ENDED ResponsiveUIApp 
 INFO: FXTesting - 26/35 done 
 INFO: FXTesting - TESTING ReversiMain 
 INFO: FXTesting - ENDED ReversiMain 
 INFO: FXTesting - TESTING ReversiPieceTest 
 INFO: FXTesting - 27/35 done 
 INFO: FXTesting - ENDED ReversiPieceTest 
 INFO: FXTesting - 28/35 done 
 INFO: FXTesting - TESTING ReversiSquareTest 
 INFO: FXTesting - ENDED ReversiSquareTest 
 INFO: FXTesting - 29/35 done 
 INFO: FXTesting - TESTING RosarioComparadorArquivos 
 INFO: FXTesting - ENDED RosarioComparadorArquivos 
 INFO: FXTesting - TESTING RubiksCubeLauncher 
 INFO: FXTesting - 30/35 done 
 INFO: FXTesting - ENDED RubiksCubeLauncher 
 INFO: FXTesting - 31/35 done 
 INFO: FXTesting - TESTING SandboxFX 
 INFO: FXTesting - ENDED SandboxFX 
 INFO: FXTesting - 32/35 done 
 INFO: FXTesting - TESTING AlignUsingStackAndTile 
 INFO: FXTesting - ENDED AlignUsingStackAndTile 
 INFO: FXTesting - 33/35 done 
 INFO: FXTesting - TESTING ScatterChartExample 
 INFO: FXTesting - ENDED ScatterChartExample 
 INFO: FXTesting - 34/35 done 
 INFO: FXTesting - TESTING Shapes3DApp 
 INFO: FXTesting - ENDED Shapes3DApp 
 INFO: FXTesting - 35/35 done 
 INFO: FXTesting - TESTING ContestApplication 
 INFO: ContestApplication - File exists=true 
 INFO: FXTesting - ENDED ContestApplication 
 INFO: FXTesting - 1/29 done 
 INFO: FXTesting - TESTING AnimationExample 
 INFO: FXTesting - ENDED AnimationExample 
 INFO: FXTesting - 2/29 done 
 INFO: FXTesting - TESTING XylophoneApp 
 INFO: FXTesting - ENDED XylophoneApp 
 INFO: FXTesting - 3/29 done 
 INFO: FXTesting - TESTING ScatterChartWithFillExample 
 INFO: FXTesting - ENDED ScatterChartWithFillExample 
 INFO: FXTesting - 4/29 done 
 INFO: FXTesting - TESTING Shapes3DTexture 
 INFO: FXTesting - ENDED Shapes3DTexture 
 INFO: FXTesting - 5/29 done 
 INFO: FXTesting - TESTING Simple3DBoxApp 
 INFO: FXTesting - ENDED Simple3DBoxApp 
 INFO: FXTesting - 6/29 done 
 INFO: FXTesting - TESTING SimpleScene3D 
 INFO: FXTesting - ENDED SimpleScene3D 
 INFO: FXTesting - 7/29 done 
 INFO: FXTesting - TESTING SnakeLauncher 
 INFO: FXTesting - ENDED SnakeLauncher 
 INFO: FXTesting - 8/29 done 
 INFO: FXTesting - TESTING SlidingPuzzleLauncher 
 INFO: FXTesting - ENDED SlidingPuzzleLauncher 
 INFO: FXTesting - 9/29 done 
 INFO: FXTesting - TESTING SudokuLauncher 
 INFO: FXTesting - ENDED SudokuLauncher 
 INFO: FXTesting - 10/29 done 
 INFO: FXTesting - TESTING SolitaireLauncher 
 INFO: FXTesting - ENDED SolitaireLauncher 
 INFO: FXTesting - 11/29 done 
 INFO: FXTesting - TESTING SphereSystemApp 
 INFO: FXTesting - ENDED SphereSystemApp 
 INFO: FXTesting - 12/29 done 
 INFO: FXTesting - TESTING WorkingWithTableView 
 INFO: FXTesting - ENDED WorkingWithTableView 
 INFO: FXTesting - 13/29 done 
 INFO: FXTesting - TESTING Square2048Launcher 
 INFO: FXTesting - ENDED Square2048Launcher 
 INFO: FXTesting - 14/29 done 
 INFO: FXTesting - TESTING StageControlExample 
 INFO: FXTesting - ENDED StageControlExample 
 INFO: FXTesting - 15/29 done 
 INFO: FXTesting - TESTING TaskProgressApp 
 INFO: FXTesting - ENDED TaskProgressApp 
 INFO: FXTesting - 16/29 done 
 INFO: FXTesting - TESTING TetrisLauncher 
 INFO: FXTesting - ENDED TetrisLauncher 
 INFO: FXTesting - 17/29 done 
 INFO: FXTesting - TESTING TheMenuGrid 
 INFO: FXTesting - ENDED TheMenuGrid 
 INFO: FXTesting - 18/29 done 
 INFO: FXTesting - TESTING ThreadInformationApp 
 INFO: FXTesting - ENDED ThreadInformationApp 
 INFO: FXTesting - 19/29 done 
 INFO: FXTesting - TESTING TimelineExample 
 INFO: Thread - Available Columns [?Country Name, Country Code, Indicator Name, Indicator Code, 1960, 1961, 1962, 1963, 1964, 1965, 1966, 1967, 1968, 1969, 1970, 1971, 1972, 1973, 1974, 1975, 1976, 1977, 1978, 1979, 1980, 1981, 1982, 1983, 1984, 1985, 1986, 1987, 1988, 1989, 1990, 1991, 1992, 1993, 1994, 1995, 1996, 1997, 1998, 1999, 2000, 2001, 2002, 2003, 2004, 2005, 2006, 2007, 2008, 2009, 2010, 2011, 2012, 2013, 2014, 2015, 2016, 2017, ] 
 INFO: FXTesting - ENDED TimelineExample 
 INFO: FXTesting - 20/29 done 
 INFO: FXTesting - TESTING TriangleMeshes 
 INFO: TriangleMeshes - 2 
 INFO: TriangleMeshes - 2 
 INFO: TriangleMeshes - 2 
 INFO: TriangleMeshes - 2 
 INFO: FXTesting - ENDED TriangleMeshes 
 INFO: FXTesting - 21/29 done 
 INFO: FXTesting - TESTING TronLauncher 
 INFO: FXTesting - ENDED TronLauncher 
 INFO: FXTesting - TESTING VanishingCirclesApp 
 INFO: FXTesting - 22/29 done 
 INFO: FXTesting - ENDED VanishingCirclesApp 
 INFO: FXTesting - 23/29 done 
 INFO: FXTesting - TESTING WordSearchApp 
 INFO: FXTesting - ENDED WordSearchApp 
 INFO: FXTesting - 24/29 done 
 INFO: FXTesting - TESTING WordSuggetionApp 
 INFO: FXTesting - ENDED WordSuggetionApp 
 INFO: FXTesting - 25/29 done 
 INFO: FXTesting - TESTING WorkingListsViews 
 INFO: FXTesting - ENDED WorkingListsViews 
 INFO: FXTesting - 26/29 done 
 INFO: FXTesting - TESTING WorldMapExample 
ERROR: DataframeBuilder - ERROR FIELDS COUNT 
 INFO: FXTesting - ENDED WorldMapExample 
 INFO: FXTesting - 27/29 done 
 INFO: FXTesting - TESTING WorldMapExample2 
 INFO: FXTesting - ENDED WorldMapExample2 
 INFO: FXTesting - 28/29 done 
 INFO: FXTesting - TESTING WorldMapExample3 
 INFO: FXTesting - ENDED WorldMapExample3 
 INFO: FXTesting - 29/29 done 
 INFO: FXTesting - TESTING Labyrinth2D 
 INFO: FXTesting - ENDED Labyrinth2D 
 INFO: FXTesting - 1/9 done 
 INFO: FXTesting - TESTING Labyrinth3D 
 INFO: FXTesting - ENDED Labyrinth3D 
 INFO: FXTesting - 2/9 done 
 INFO: FXTesting - TESTING Labyrinth3DAntiAliasing 
 INFO: FXTesting - ENDED Labyrinth3DAntiAliasing 
 INFO: FXTesting - 3/9 done 
 INFO: FXTesting - TESTING Labyrinth3DCollisions 
 INFO: FXTesting - ENDED Labyrinth3DCollisions 
 INFO: FXTesting - 4/9 done 
 INFO: FXTesting - TESTING Labyrinth3DGhosts 
 INFO: FXTesting - ENDED Labyrinth3DGhosts 
 INFO: FXTesting - 5/9 done 
 INFO: FXTesting - TESTING Labyrinth3DKillerGhosts 
 INFO: FXTesting - ENDED Labyrinth3DKillerGhosts 
 INFO: FXTesting - 6/9 done 
 INFO: FXTesting - TESTING Labyrinth3DKillerGhostsAndBalls 
 INFO: FXTesting - ENDED Labyrinth3DKillerGhostsAndBalls 
 INFO: FXTesting - 7/9 done 
 INFO: FXTesting - TESTING Labyrinth3DMouseControl 
 INFO: FXTesting - ENDED Labyrinth3DMouseControl 
 INFO: FXTesting - 8/9 done 
 INFO: FXTesting - TESTING Labyrinth3DWallTexture 
 INFO: FXTesting - ENDED Labyrinth3DWallTexture 
 INFO: FXTesting - 9/9 done 
 INFO: FXTesting - TESTING BasicAudioPlayerWithControlLauncher 
 INFO: FXTesting - ENDED BasicAudioPlayerWithControlLauncher 
 INFO: FXTesting - 1/7 done 
 INFO: FXTesting - TESTING BasicAudioClipExample 
 INFO: FXTesting - ENDED BasicAudioClipExample 
 INFO: FXTesting - 2/7 done 
 INFO: FXTesting - TESTING AudioConfigLauncher 
 INFO: FXTesting - ENDED AudioConfigLauncher 
 INFO: FXTesting - 3/7 done 
 INFO: FXTesting - TESTING SimpleAudioPlayerLauncher 
 INFO: FXTesting - ENDED SimpleAudioPlayerLauncher 
 INFO: FXTesting - 4/7 done 
 INFO: FXTesting - TESTING PlayingAudio 
 INFO: FXTesting - ENDED PlayingAudio 
 INFO: FXTesting - 5/7 done 
 INFO: FXTesting - TESTING Physics 
 INFO: Ramp - ramp angle=-7.125016419970467fudgeX=5.209459;fudgeY=-0.7442084 
 INFO: Ramp - ramp angle=7.125016419970467fudgeX=6.6978755;fudgeY=0.7442084 
 INFO: Ramp - ramp angle=-9.46232209498764fudgeX=4.9319696;fudgeY=-0.9863939 
 INFO: Ramp - ramp angle=18.434948654789338fudgeX=7.5894666;fudgeY=1.8973665 
 INFO: Ramp - ramp angle=-20.55604511851658fudgeX=3.5112345;fudgeY=-2.1067407 
 INFO: Ramp - ramp angle=18.434948654789338fudgeX=7.5894666;fudgeY=1.8973665 
 INFO: FXTesting - ENDED Physics 
 INFO: FXTesting - 6/7 done 
 INFO: FXTesting - TESTING JewelViewer 
 INFO: JewelViewer - Near Clip: 0.1 
 INFO: JewelViewer - Far Clip:  100.0 
 INFO: JewelViewer - FOV:       30.0 
 INFO: FXTesting - ENDED JewelViewer 
Tests run: 5, Failures: 0, Errors: 0, Skipped: 0, Time elapsed: 27.25 sec - in crypt.FXTest
Running crypt.LeitorArquivosTest
 INFO: SongModel - Key=comment-0,Value=[eng]=Downloaded from http://www.titansgo.net 
 INFO: SongModel - Key=year,Value=2003 
 INFO: SongModel - Key=artist,Value=Puffy Ami Yumi 
 INFO: SongModel - Key=raw metadata,Value={ID3=java.nio.HeapByteBufferR[pos=383 lim=901 cap=901]} 
 INFO: SongModel - Key=album,Value=Nice 
 INFO: SongModel - Key=genre,Value=(78) 
 INFO: SongModel - Key=title,Value=Teen Titans Theme [ Extended ] 
 INFO: SimpleAudioPlayerLauncher - Key=comment-0,Value=[eng]=Downloaded from http://www.titansgo.net 
 INFO: SimpleAudioPlayerLauncher - Key=year,Value=2003 
 INFO: SimpleAudioPlayerLauncher - Key=artist,Value=Puffy Ami Yumi 
 INFO: SimpleAudioPlayerLauncher - Key=raw metadata,Value={ID3=java.nio.HeapByteBufferR[pos=383 lim=901 cap=901]} 
 INFO: SimpleAudioPlayerLauncher - Key=album,Value=Nice 
 INFO: SimpleAudioPlayerLauncher - Key=genre,Value=(78) 
 INFO: SimpleAudioPlayerLauncher - Key=title,Value=Teen Titans Theme [ Extended ] 
 INFO: FXTesting - TESTING Ex1 
 INFO: FXTesting - ENDED Ex1 
 INFO: FXTesting - 1/7 done 
 INFO: FXTesting - TESTING Ex4 
 INFO: FXTesting - ENDED Ex4 
 INFO: FXTesting - 2/7 done 
 INFO: FXTesting - TESTING Ex5 
 INFO: FXTesting - ENDED Ex5 
 INFO: FXTesting - 3/7 done 
 INFO: FXTesting - TESTING Ex6 
 INFO: FXTesting - ENDED Ex6 
 INFO: FXTesting - 4/7 done 
 INFO: FXTesting - TESTING Ex7 
 INFO: FXTesting - ENDED Ex7 
 INFO: FXTesting - 5/7 done 
 INFO: FXTesting - TESTING Ex9 
 INFO: FXTesting - ENDED Ex9 
 INFO: FXTesting - 6/7 done 
 INFO: FXTesting - TESTING Ex10 
 INFO: FXTesting - ENDED Ex10 
 INFO: FXTesting - 7/7 done 
 INFO: FXTesting - Chapter4.testApps took 000:00:00.434 
Tests run: 5, Failures: 0, Errors: 0, Skipped: 0, Time elapsed: 10.506 sec - in crypt.LeitorArquivosTest
Running exercism.AnagramTest
Tests run: 10, Failures: 0, Errors: 0, Skipped: 0, Time elapsed: 0 sec - in exercism.AnagramTest
Running exercism.BobTest
Tests run: 18, Failures: 0, Errors: 0, Skipped: 0, Time elapsed: 0 sec - in exercism.BobTest
Running exercism.CryptoSquareTest
Tests run: 15, Failures: 0, Errors: 0, Skipped: 0, Time elapsed: 0 sec - in exercism.CryptoSquareTest
Running exercism.DNATest
Tests run: 9, Failures: 0, Errors: 0, Skipped: 0, Time elapsed: 0 sec - in exercism.DNATest
Running exercism.DataframeMLTest
 INFO: FXTesting - DataframeML.build took 000:00:00.521 
 INFO: DataframeBuilder - 
	longitude	latitude	housing_median_age	total_rooms	total_bedrooms	population	households	median_income	median_house_value
count	    17000	   17000	             17000	      17000	         17000	     17000	     17000	        17000	             17000
mean	   -119,6	    35,6	              28,6	     2643,7	         539,4	    1429,6	     501,2	          3,9	          207300,9
std	      2,0	     2,1	              12,6	     2179,9	         421,5	    1147,9	     384,5	          1,9	          115983,8
min	   -124,4	    32,5	               1,0	        2,0	           1,0	       3,0	       1,0	          0,5	           14999,0
25%	   -121,8	    33,9	              18,0	     1462,0	         297,0	     790,0	     282,0	          2,6	          119400,0
50%	   -118,5	    34,3	              29,0	     2127,0	         434,0	    1167,0	     409,0	          3,5	          180400,0
75%	   -118,0	    37,7	              37,0	     3152,0	         649,0	    1721,0	     606,0	          4,8	          265000,0
max	   -114,3	    42,0	              52,0	    37937,0	        6445,0	   35682,0	    6082,0	         15,0	          500001,0 
 INFO: FXTesting - DataframeML.describe took 000:00:00.156 
 INFO: FXTesting - DataframeML.toString took 000:00:00.001 
 INFO: FXTesting - DataframeML.cols took 000:00:00.000 
 INFO: DataframeBuilder - 			longitude	latitude	housing_median_age	total_rooms	total_bedrooms	population	households	median_income	median_house_value
         longitude	      1,0	    -0,9	              -0,1	        0,0	           0,1	       0,1	       0,1	         -0,0	              -0,0
          latitude	     -0,9	     1,0	               0,0	       -0,0	          -0,1	      -0,1	      -0,1	         -0,1	              -0,1
housing_median_age	     -0,1	     0,0	               1,0	       -0,4	          -0,3	      -0,3	      -0,3	         -0,1	               0,1
       total_rooms	      0,0	    -0,0	              -0,4	        1,0	           0,9	       0,9	       0,9	          0,2	               0,1
    total_bedrooms	      0,1	    -0,1	              -0,3	        0,9	           1,0	       0,9	       1,0	         -0,0	               0,0
        population	      0,1	    -0,1	              -0,3	        0,9	           0,9	       1,0	       0,9	         -0,0	              -0,0
        households	      0,1	    -0,1	              -0,3	        0,9	           1,0	       0,9	       1,0	          0,0	               0,1
     median_income	     -0,0	    -0,1	              -0,1	        0,2	          -0,0	      -0,0	       0,0	          1,0	               0,7
median_house_value	     -0,0	    -0,1	               0,1	        0,1	           0,0	      -0,0	       0,1	          0,7	               1,0
 
 INFO: FXTesting - DataframeML.correlation took 000:00:00.204 
 INFO: FXTesting - DataframeML.histogram took 000:00:00.001 
 INFO: FXTesting - DataframeML.histogram took 000:00:00.001 
 INFO: FXTesting - DataframeML.apply took 000:00:00.003 
 INFO: DataframeMLTest - File deleted true 
 INFO: Word2VecExample - Load & Vectorize Sentences.... 
 INFO: Word2VecExample - Building model.... 
 INFO: Word2VecExample - Fitting Word2Vec model.... 
 INFO: SequenceVectors - Starting vocabulary building... 
 INFO: VocabConstructor - Sequences checked: [97162], Current vocabulary size: [242]; Sequences/sec: [8180,00]; 
 INFO: WordVectorSerializer - Projected memory use for model: [0,02 MB] 
 INFO: InMemoryLookupTable - Initializing syn1... 
 INFO: SequenceVectors - Building learning algorithms: 
 INFO: SequenceVectors -           building ElementsLearningAlgorithm: [SkipGram] 
 INFO: SequenceVectors - Starting learning process... 
 INFO: RaspiCycle - COLLISION! 
 INFO: SequenceVectors - Epoch [1] finished; Elements processed so far: [634303];  Sequences processed: [97162] 
 INFO: SequenceVectors - Time spent on training: 6101 ms 
 INFO: Word2VecExample - Writing word vectors to text file.... 
 INFO: Word2VecExample - Closest Words: 
 INFO: FXTesting - Word2VecExample.createWord2Vec took 000:00:18.170 
Tests run: 2, Failures: 0, Errors: 0, Skipped: 0, Time elapsed: 19.052 sec - in exercism.DataframeMLTest
Running exercism.EtlTest
Tests run: 4, Failures: 0, Errors: 0, Skipped: 0, Time elapsed: 0.014 sec - in exercism.EtlTest
Running exercism.GraphAlgorithmsTest
 INFO: FXTesting - GraphAlgorithms.createGraph8 took 000:00:00.002 
 INFO: FXTesting - Vertex.assignNum took 000:00:00.000 
 INFO: Vertex - F is an articulation point 
 INFO: Vertex - E is an articulation point 
 INFO: Vertex - E is an articulation point 
 INFO: Vertex - C is an articulation point 
 INFO: Vertex - F is an articulation point 
 INFO: Vertex - C is an articulation point 
 INFO: Vertex - A is an articulation point 
 INFO: Vertex - A is an articulation point 
 INFO: FXTesting - Vertex.assignLow took 000:00:00.000 
 INFO: FXTesting - Vertex.kruskal took 000:00:00.001 
 INFO: FXTesting - Vertex.prim took 000:00:00.001 
 INFO: Vertex - 1=1 
 INFO: Vertex - 2=2 
 INFO: Vertex - 3=0 
 INFO: Vertex - 4=0 
 INFO: Vertex - 5=0 
 INFO: Vertex - 6=0 
 INFO: Vertex - 7=0 
 INFO: Vertex - 8=0 
 INFO: Vertex - 9=0 
 INFO: Vertex - 10=0 
 INFO: Vertex - 11=0 
 INFO: Vertex - CYCLE FOUND 
 INFO: FXTesting - Vertex.sortTopology took 000:00:00.000 
 INFO: FXTesting - GraphAlgorithms.createGraph1 took 000:00:00.001 
 INFO: FXTesting - GraphAlgorithms.createGraph2 took 000:00:00.001 
 INFO: FXTesting - GraphAlgorithms.createGraph3 took 000:00:00.000 
 INFO: FXTesting - GraphAlgorithms.createGraph4 took 000:00:00.001 
 INFO: FXTesting - GraphAlgorithms.createGraph5 took 000:00:00.000 
 INFO: FXTesting - GraphAlgorithms.createGraph6 took 000:00:00.000 
 INFO: FXTesting - GraphAlgorithms.createGraph7 took 000:00:00.000 
Tests run: 1, Failures: 0, Errors: 0, Skipped: 0, Time elapsed: 0.009 sec - in exercism.GraphAlgorithmsTest
Running exercism.HammingTest
Tests run: 9, Failures: 0, Errors: 0, Skipped: 0, Time elapsed: 0.003 sec - in exercism.HammingTest
Running exercism.IndependentTest
 INFO: ImageCreating - Processing completed successfully! 
 INFO: FXTesting - ImageCreating.creating took 000:00:00.711 
 INFO: FXTesting - ImageLoading.convertSVG took 000:00:00.377 
 INFO: FXTesting - ImageLoading.binarize took 000:00:00.048 
 INFO: FXTesting - ImageLoading.bradleyThreshold took 000:00:00.077 
 INFO: FXTesting - ImageLoading.convertSVG took 000:00:00.064 
 INFO: FXTesting - ImageLoading.cropImage took 000:00:00.080 
 INFO: ImageLoading - Image exported to BMP, JPG, PNG and TIFF formats successfully! 
 INFO: FXTesting - ImageLoading.exporting took 000:00:00.221 
 INFO: FXTesting - ImageLoading.grayScale took 000:00:00.154 
 INFO: FXTesting - ImageLoading.grayScaling took 000:00:00.024 
 INFO: FXTesting - UnRar.extractRarFiles took 000:00:00.306 
 INFO: UnZip - file unzip : C:\Users\guilherme.hmedeiros\git\FXperiment\out\syn0.txt 
 INFO: UnZip - file unzip : C:\Users\guilherme.hmedeiros\git\FXperiment\out\syn1.txt 
 INFO: UnZip - file unzip : C:\Users\guilherme.hmedeiros\git\FXperiment\out\syn1Neg.txt 
 INFO: UnZip - file unzip : C:\Users\guilherme.hmedeiros\git\FXperiment\out\codes.txt 
 INFO: UnZip - file unzip : C:\Users\guilherme.hmedeiros\git\FXperiment\out\huffman.txt 
 INFO: UnZip - file unzip : C:\Users\guilherme.hmedeiros\git\FXperiment\out\frequencies.txt 
 INFO: UnZip - file unzip : C:\Users\guilherme.hmedeiros\git\FXperiment\out\config.json 
 INFO: UnZip - file unzip : C:\Users\guilherme.hmedeiros\git\FXperiment\out\WDIData.csv 
 INFO: UnZip - file unzip : C:\Users\guilherme.hmedeiros\git\FXperiment\out\WDICountry.csv 
 INFO: UnZip - file unzip : C:\Users\guilherme.hmedeiros\git\FXperiment\out\WDISeries.csv 
 INFO: UnZip - file unzip : C:\Users\guilherme.hmedeiros\git\FXperiment\out\WDICountry-Series.csv 
 INFO: UnZip - file unzip : C:\Users\guilherme.hmedeiros\git\FXperiment\out\WDISeries-Time.csv 
 INFO: UnZip - file unzip : C:\Users\guilherme.hmedeiros\git\FXperiment\out\WDIFootNote.csv 
 INFO: FXTesting - UnZip.extractZippedFiles took 000:00:02.221 
 INFO: Ch1 - 1.7976931348623157E308 
 INFO: Ch1 - 1.4E-45 
 INFO: FXTesting - Ch1.extremeDoubles took 000:00:00.000 
 INFO: FXTesting - Ch1.factorial took 000:00:00.006 
 INFO: FXTesting - Ch1.lotteryCombination took 000:00:00.002 
 INFO: FXTesting - Ch1.pascalTriangle took 000:00:00.001 
 INFO: FXTesting - Ch1.average took 000:00:00.000 
 INFO: FXTesting - Ch3.average took 000:00:00.001 
 INFO: FXTesting - Ch3.largest took 000:00:00.001 
 INFO: FXTesting - Ch3.IntSequence.of took 000:00:00.001 
 INFO: FXTesting - new Ch3.SquareSequence took 000:00:00.001 
 INFO: FXTesting - Ch3.isSorted took 000:00:00.000 
 INFO: FXTesting - Ch3.luckySort took 000:00:00.001 
 INFO: FXTesting - Ch3.subdirectories took 000:00:00.001 
 INFO: FXTesting - Ch3.sortFiles took 000:00:00.003 
 INFO: FXTesting - Ch4.cyclicToString took 000:00:00.003 
 INFO: FXTesting - OthersTests.minMax took 000:00:00.001 
 INFO: FXTesting - OthersTests.nth took 000:00:00.000 
 INFO: FXTesting - OthersTests.squareDigits took 000:00:00.001 
 INFO: FXTesting - OthersTests.unique took 000:00:00.000 
 INFO: FXTesting - OthersTests.reverse took 000:00:00.000 
 INFO: FXTesting - OthersTests.p took 000:00:00.003 
 INFO: FXTesting - OthersTests.getStateMachine took 000:00:00.000 
 INFO: FXTesting - HiraganaMaker.displayInHiragana took 000:00:00.329 
 INFO: FXTesting - TermFrequencyIndex.identifyKeyWordsInSourceFiles took 000:00:02.449 
 INFO: FXTesting - FastFourierTransform.fft took 000:00:00.001 
 INFO: ForkedBooter - [3.0, 6.0, 9.0] 
 INFO: ForkedBooter - [12.0, 15.0, 18.0] 
 INFO: ForkedBooter - [21.0, 24.0, 27.0] 
 INFO: FXTesting - ElementWiseOp.scalarOp took 000:00:00.002 
 INFO: ForkedBooter - [1.0, 1.0, 3.0] 
 INFO: ForkedBooter - [1.3333333333333333, 1.25, 2.0] 
 INFO: ForkedBooter - [7.0, 4.0, 9.0] 
 INFO: FXTesting - ElementWiseOp.matrOp took 000:00:00.000 
 INFO: ForkedBooter - hello world 
 INFO: FXTesting - RandomHelloWorld.displayHelloWorld took 000:00:00.000 
 INFO: FXTesting - TermFrequency.displayTermFrequency took 000:00:00.001 
 INFO: FXTesting - QuickSortML.sort took 000:00:00.002 
Tests run: 14, Failures: 0, Errors: 0, Skipped: 0, Time elapsed: 7.112 sec - in exercism.IndependentTest
Running exercism.JavaExercisesTest
 INFO: FXTesting - Chapter1.ex5 took 000:00:00.175 
 INFO: FXTesting - Chapter1.ex5 took 000:00:00.004 
 INFO: FXTesting - Chapter1.ex5 took 000:00:00.001 
 INFO: FXTesting - Chapter1.ex5 took 000:00:00.002 
 INFO: FXTesting - Chapter1.ex5 took 000:00:00.000 
 INFO: FXTesting - Chapter1.ex6 took 000:00:00.000 
 INFO: FXTesting - Chapter1.ex7 took 000:00:00.001 
 INFO: FXTesting - Chapter1.ex8 took 000:00:00.000 
 INFO: FXTesting - Chapter1.ex9 took 000:00:00.001 
 INFO: FXTesting - Chapter2.ex1 took 000:00:00.175 
 INFO: FXTesting - Chapter2.ex2 took 000:00:00.015 
 INFO: FXTesting - Chapter2.ex3 took 000:00:00.165 
 INFO: FXTesting - Chapter2.ex4 took 000:00:00.000 
 INFO: FXTesting - Chapter2.ex5 took 000:00:00.002 
 INFO: FXTesting - Chapter2.ex6 took 000:00:00.000 
 INFO: FXTesting - Chapter2.ex8 took 000:00:00.001 
 INFO: FXTesting - Chapter2.ex9 took 000:00:00.001 
 INFO: FXTesting - Chapter2.ex10 took 000:00:00.000 
 INFO: FXTesting - Chapter2.ex11 took 000:00:00.000 
 INFO: FXTesting - Chapter2.ex12 took 000:00:00.088 
 INFO: FXTesting - Chapter2.ex13 took 000:00:00.107 
 INFO: FXTesting - Chapter3.getRich took 000:00:00.001 
 INFO: FXTesting - Chapter5.ex1 took 000:00:00.000 
 INFO: FXTesting - Chapter5.ex2 took 000:00:00.000 
 INFO: FXTesting - Chapter5.ex3 took 000:00:00.001 
 INFO: FXTesting - Chapter5.ex4 took 000:00:00.000 
 INFO: FXTesting - Chapter5.ex5 took 000:00:00.000 
 INFO: FXTesting - Chapter5.ex6 took 000:00:00.005 
 INFO: FXTesting - Chapter5.ex7 took 000:00:00.000 
 INFO: FXTesting - Chapter5.ex8 took 000:00:00.029 
 INFO: FXTesting - Chapter5.ex9 took 000:00:00.003 
 INFO: FXTesting - Chapter5.ex10 took 000:00:00.001 
 INFO: FXTesting - Chapter5.ex11 took 000:00:00.000 
 INFO: FXTesting - Chapter6.ex1 took 000:00:00.046 
 INFO: FXTesting - Chapter6.ex3 took 000:00:03.061 
 INFO: FXTesting - Chapter6.ex5 took 000:00:00.251 
 INFO: FXTesting - Chapter6.ex6 took 000:00:00.165 
 INFO: FXTesting - Chapter6.ex7 took 000:00:00.006 
 INFO: FXTesting - Chapter6.ex8 took 000:00:01.442 
 INFO: FXTesting - Chapter6.ex9 took 000:00:00.003 
 INFO: Chapter6 - www.google.com.br/imghp?hl=pt-BR&tab=wi 
 INFO: Chapter6 - maps.google.com.br/maps?hl=pt-BR&tab=wl 
 INFO: Chapter6 - www.youtube.com/?gl=BR&tab=w1 
 INFO: Chapter6 - news.google.com.br/nwshp?hl=pt-BR&tab=wn 
 INFO: Chapter6 - www.google.com.br/history/optout?hl=pt-BR 
 INFO: Chapter6 - www.google.com/setprefdomain?prefdom=BR&amp;prev=http://www.google.com.br/&amp;sig=__ucFqpqTydLN6s1EkZlAT8DynwFo%3D 
 INFO: FXTesting - Chapter6.ex10 took 000:00:00.210 
 INFO: FXTesting - Chapter8.ex1 took 000:00:00.000 
 INFO: FXTesting - Chapter8.ex2 took 000:00:00.000 
 INFO: FXTesting - Chapter8.ex3 took 000:00:00.000 
 INFO: FXTesting - Chapter8.ex4 took 000:00:00.000 
 INFO: FXTesting - Chapter8.ex5 took 000:00:00.009 
 INFO: FXTesting - Chapter8.ex6 took 000:00:00.002 
 INFO: FXTesting - Chapter8.ex7 took 000:00:00.000 
 INFO: FXTesting - Chapter8.ex9 took 000:00:00.019 
 INFO: FXTesting - Chapter8.ex10 took 000:00:39.262 
 INFO: FXTesting - Chapter8.ex11 took 000:00:00.226 
 INFO: FXTesting - Chapter8.ex15 took 000:00:00.034 
 INFO: FXTesting - Chapter8.ex16 took 000:00:00.034 
 INFO: FXTesting - new BigNo took 000:00:00.000 
 INFO: FXTesting - BigNo.multiply took 000:00:00.002 
 INFO: FXTesting - BigNo.power took 000:00:00.011 
 INFO: FXTesting - Link.reverse took 000:00:00.000 
 INFO: FXTesting - Node.sum took 000:00:00.001 
 INFO: JavaExercise19 - Value is 65432 
 INFO: FXTesting - JavaExercise19.testingJavaConcepts took 000:00:00.001 
 INFO: JavaExercise1to11 - firstTerm=1597 
 INFO: JavaExercise1to11 - sum=2006078471 
 INFO: FXTesting - JavaExercise1to11.fibonacciSeriesProblem took 000:00:00.005 
 INFO: JavaExercise1to11 - At day -6 = 1 greenflies 
 INFO: JavaExercise1to11 - At day 1 = 9 greenflies 
 INFO: JavaExercise1to11 - At day 2 = 17 greenflies 
 INFO: JavaExercise1to11 - At day 3 = 25 greenflies 
 INFO: JavaExercise1to11 - At day 4 = 33 greenflies 
 INFO: JavaExercise1to11 - At day 5 = 41 greenflies 
 INFO: JavaExercise1to11 - At day 6 = 49 greenflies 
 INFO: JavaExercise1to11 - At day 7 = 57 greenflies 
 INFO: JavaExercise1to11 - At day 8 = 129 greenflies 
 INFO: JavaExercise1to11 - At day 9 = 265 greenflies 
 INFO: JavaExercise1to11 - At day 10 = 465 greenflies 
 INFO: JavaExercise1to11 - At day 11 = 729 greenflies 
 INFO: JavaExercise1to11 - At day 12 = 1057 greenflies 
 INFO: JavaExercise1to11 - At day 13 = 1441 greenflies 
 INFO: JavaExercise1to11 - At day 14 = 1897 greenflies 
 INFO: JavaExercise1to11 - At day 15 = 2929 greenflies 
 INFO: JavaExercise1to11 - At day 16 = 5017 greenflies 
 INFO: JavaExercise1to11 - At day 17 = 8665 greenflies 
 INFO: JavaExercise1to11 - At day 18 = 14417 greenflies 
 INFO: JavaExercise1to11 - At day 19 = 22737 greenflies 
 INFO: JavaExercise1to11 - At day 20 = 34033 greenflies 
 INFO: JavaExercise1to11 - At day 21 = 48977 greenflies 
 INFO: JavaExercise1to11 - At day 22 = 71881 greenflies 
 INFO: JavaExercise1to11 - At day 23 = 110297 greenflies 
 INFO: JavaExercise1to11 - At day 24 = 177129 greenflies 
 INFO: JavaExercise1to11 - At day 25 = 288969 greenflies 
 INFO: JavaExercise1to11 - At day 26 = 464961 greenflies 
 INFO: JavaExercise1to11 - At day 27 = 721601 greenflies 
 INFO: JavaExercise1to11 - At day 28 = 1082521 greenflies 
 INFO: JavaExercise1to11 - Total = 1161889 
 INFO: FXTesting - JavaExercise1to11.greenflyProblem took 000:00:00.112 
 INFO: JavaExercise1to11 - 002 003 005 007 011 013 017 019 023 029 
031 037 041 043 047 053 059 061 067 071 
073 079 083 089 097 101 103 107 109 113 
127 131 137 139 149 151 157 163 167 173 
179 181 191 193 197 199 211 223 227 229 
233 239 241 251 257 263 269 271 277 281 
283 293 307 311 313 317 331 337 347 349 
353 359 367 373 379 383 389 397 401 409 
419 421 431 433 439 443 449 457 461 463 
467 479 487 491 499 503 509 521 523 541 
547 557 563 569 571 577 587 593 599  
 INFO: FXTesting - JavaExercise1to11.allPrimeLessThan600Problem took 000:00:00.001 
 INFO: JavaExercise1to11 - 16/04/2017 
 INFO: FXTesting - JavaExercise1to11.easter took 000:00:00.000 
 INFO: JavaExercise1to11 - {WEDNESDAY=687, SUNDAY=687, TUESDAY=685, SATURDAY=684, THURSDAY=684, FRIDAY=688, MONDAY=685} 
 INFO: FXTesting - JavaExercise1to11.friday13thProblem took 000:00:00.015 
 INFO: JavaExercise1to11 - 1.0000001E7 
 INFO: JavaExercise1to11 - 0.33500004166755787 
 INFO: JavaExercise1to11 - 0.3350000417675523 
 INFO: FXTesting - JavaExercise1to11.forwardBackwardCountProblem took 000:00:00.060 
 INFO: JavaExercise1to11 - 2621.4001 
 INFO: JavaExercise1to11 - 2623.6484 
 INFO: FXTesting - JavaExercise1to11.accumulatingRoundingErrors took 000:00:00.003 
 INFO: JavaExercise1to11 - 2.236067977499978 
 INFO: JavaExercise1to11 - 2.23606797749979 
 INFO: FXTesting - JavaExercise1to11.sqrtByIteration took 000:00:00.000 
 INFO: JavaExercise1to11 - 2.0 
 INFO: JavaExercise1to11 - 1.3333333333333333 
 INFO: JavaExercise1to11 - 1.4285714285714286 
 INFO: JavaExercise1to11 - 1.4117647058823528 
 INFO: JavaExercise1to11 - 1.4146341463414633 
 INFO: JavaExercise1to11 - 1.4141414141414141 
 INFO: JavaExercise1to11 - 1.4142259414225942 
 INFO: JavaExercise1to11 - 1.41421143847487 
 INFO: JavaExercise1to11 - 1.4142139267767408 
 INFO: JavaExercise1to11 - 1.4142134998513232 
 INFO: FXTesting - JavaExercise1to11.recurringFractionProblem took 000:00:00.000 
 INFO: JavaExercise1to11 - Betty      22   1,76 
 INFO: JavaExercise1to11 - Edward     23   1,82 
 INFO: JavaExercise1to11 - Charles    24   1,79 
 INFO: JavaExercise1to11 - Andrew     25   1,67 
 INFO: JavaExercise1to11 - Frida      28   1,77 
 INFO: JavaExercise1to11 - Hanna      29   1,66 
 INFO: JavaExercise1to11 - Davina     33   1,69 
 INFO: JavaExercise1to11 - George     34   1,71 
 INFO: FXTesting - JavaExercise1to11.sortingRecords took 000:00:00.001 
 INFO: ForkedBooter - 2 
 INFO: FXTesting - JavaExercise24.countDuplicates took 000:00:00.000 
 INFO: JavaExercise25 - 1.0x^2 + 5.0x + 6.0 = 0  
 INFO: JavaExercise25 - x1=-2.0, x2=-3.0 
 INFO: JavaExercise25 - 0.1x^2 + 0.5x + 0.6 = 0  
 INFO: JavaExercise25 - x1=-2.0, x2=-3.0 
 INFO: JavaExercise25 - 0.0x + 2.0 = 0  
 INFO: JavaExercise25 - x=-Infinity 
 INFO: JavaExercise25 - 1.0x + 0.0 = 0  
 INFO: JavaExercise25 - x=-0.0 
 INFO: JavaExercise25 - 1.0x + 1.0 = 0  
 INFO: JavaExercise25 - x=-1.0 
 INFO: JavaExercise25 - 10000.0x + 1.0 = 0  
 INFO: JavaExercise25 - x=-0.0 
 INFO: JavaExercise25 - 0.0x + -100000000000000000000000000000000000.0 = 0  
 INFO: JavaExercise25 - x=100000000000000000000000000000000000000000000000000000000000000000000.0 
 INFO: JavaExercise25 - 100000000000000000000000000000000000.0x + -0.0 = 0  
 INFO: JavaExercise25 - x=0.0 
 INFO: JavaExercise25 - 1.0x^2 + -20000.0x + 1000000000.0 = 0  
 INFO: JavaExercise25 - x1=10000.0+30000.0i, x2=10000.0-30000.0i 
 INFO: JavaExercise25 - 0.1x^2 + -20000.0x + 100000000.0 = 0  
 INFO: JavaExercise25 - x1=194868.3, x2=5131.7 
 INFO: JavaExercise25 - 0.0x^2 + -2.0x + 100000000000000000000000000000000000.0 = 0  
 INFO: JavaExercise25 - x1=1000000000000000000000000000000000.0+9949874371066199000000000000000000.0i, x2=1000000000000000000000000000000000.0-9949874371066199000000000000000000.0i 
 INFO: JavaExercise25 - 1.0x^2 + 0.0x + 0.0 = 0  
 INFO: JavaExercise25 - x1=0.0, x2=-0.0 
 INFO: JavaExercise25 - 1.0x^2 + 1.0x + 0.0 = 0  
 INFO: JavaExercise25 - x1=0.0, x2=-1.0 
 INFO: JavaExercise25 - 1.0x^2 + 0.0x + 0.0 = 0  
 INFO: JavaExercise25 - x1=0.0, x2=-0.0 
 INFO: JavaExercise25 - 1.0x^2 + 0.0x + 1.0 = 0  
 INFO: JavaExercise25 - x1=-0.0+1.0i, x2=-0.0-1.0i 
 INFO: JavaExercise25 - 1.0x^2 + 1.0x + 1.0 = 0  
 INFO: JavaExercise25 - x1=-0.5+0.9i, x2=-0.5-0.9i 
 INFO: JavaExercise25 - 1.0x^2 + 10.0x + 1.0 = 0  
 INFO: JavaExercise25 - x1=-0.1, x2=-9.9 
 INFO: JavaExercise25 - 1.0x^2 + 100.0x + 1.0 = 0  
 INFO: JavaExercise25 - x1=-0.0, x2=-100.0 
 INFO: JavaExercise25 - 1.0x^2 + 1000.0x + 1.0 = 0  
 INFO: JavaExercise25 - x1=-0.0, x2=-1000.0 
 INFO: JavaExercise25 - 1.0x^2 + 10000.0x + 1.0 = 0  
 INFO: JavaExercise25 - x1=-0.0, x2=-10000.0 
 INFO: JavaExercise25 - 1.0x^2 + 100000000000000000000000000000000000.0x + 1.0 = 0  
 INFO: JavaExercise25 - x1=0.0, x2=-100000000000000000000000000000000000.0 
 INFO: JavaExercise25 - 100000000000000000000000000000000000.0x^2 + 0.0x + -100000000000000000000000000000000000.0 = 0  
 INFO: JavaExercise25 - x1=1.0, x2=-1.0 
 INFO: JavaExercise25 - 0.0x^2 + 0.0x + -0.0 = 0  
 INFO: JavaExercise25 - x1=1.0, x2=-1.0 
 INFO: JavaExercise25 - 1.0x^2 + 0.0x + -100000000000000000000000000000000000.0 = 0  
 INFO: JavaExercise25 - x1=316227766016837950.0, x2=-316227766016837950.0 
 INFO: JavaExercise25 - 1.0x^2 + 100000000000000000000000000000000000.0x + 0.0 = 0  
 INFO: JavaExercise25 - x1=0.0, x2=-100000000000000000000000000000000000.0 
 INFO: JavaExercise25 - 0.0x^2 + -10000000000000000000000000000000.0x + 0.0 = 0  
 INFO: JavaExercise25 - x1=9999999999999999000000000000000000000000.0, x2=0.0 
 INFO: FXTesting - JavaExercise25.solveQuadraticEquation took 000:00:00.003 
 INFO: ForkedBooter - firstLight is black. 
 INFO: ForkedBooter - secondLight is white. 
 INFO: ForkedBooter - firstLighting has firstLight. 
 INFO: ForkedBooter - secondLighting has secondLight. 
 INFO: ForkedBooter - Making root observe firstLighting. 
 INFO: ForkedBooter - The color changed:
		old color = null,
		new color = 0x000000ff 
 INFO: ForkedBooter - Making root observe secondLighting. 
 INFO: ForkedBooter - The color changed:
		old color = 0x000000ff,
		new color = 0xffffffff 
 INFO: ForkedBooter - Changing secondLighting's light to firstLight 
 INFO: ForkedBooter - The color changed:
		old color = 0xffffffff,
		new color = 0x000000ff 
 INFO: ForkedBooter - Changing firstLight's color to red 
 INFO: ForkedBooter - The color changed:
		old color = 0x000000ff,
		new color = 0xff0000ff 
 INFO: MultipleBindingExample - Constructing x with initial value of 2.0. 
 INFO: MultipleBindingExample - Constructing y with initial value of 3.0. 
 INFO: MultipleBindingExample - Creating binding area with dependencies x and y. 
 INFO: MultipleBindingExample - computeValue() is called. 
 INFO: MultipleBindingExample - area.get() = 6.0 
 INFO: MultipleBindingExample - area.get() = 6.0 
 INFO: MultipleBindingExample - Setting x to 5 
 INFO: MultipleBindingExample - Setting y to 7 
 INFO: MultipleBindingExample - computeValue() is called. 
 INFO: MultipleBindingExample - area.get() = 35.0 
 INFO: ForkedBooter - Constructing two StringProperty objects. 
 INFO: ForkedBooter - Calling bindBidirectional. 
 INFO: ForkedBooter - prop1.isBound() = false 
 INFO: ForkedBooter - prop2.isBound() = false 
 INFO: ForkedBooter - Calling prop1.set("prop1 says: Hi!") 
 INFO: ForkedBooter - prop2.get() returned: 
 INFO: ForkedBooter - prop1 says: Hi! 
 INFO: ForkedBooter - Calling prop2.set(prop2.get() + "\nprop2 says: Bye!") 
 INFO: ForkedBooter - prop1.get() returned:prop1 says: Hi!
prop2 says: Bye! 
 INFO: ForkedBooter - 
 
 INFO: ForkedBooter - intProperty = IntegerProperty [value: 1024] 
 INFO: ForkedBooter - intProperty.get() = 1024 
 INFO: ForkedBooter - intProperty.getValue() = 1024 
 INFO: ForkedBooter - 
 
 INFO: ForkedBooter - Added invalidation listener. 
 INFO: ForkedBooter - Calling intProperty.set(2048). 
 INFO: ForkedBooter - The observable has been invalidated: IntegerProperty [value: 2048]. 
 INFO: ForkedBooter - Calling intProperty.setValue(3072). 
 INFO: ForkedBooter - The observable has been invalidated: IntegerProperty [value: 3072]. 
 INFO: ForkedBooter - Removed invalidation listener. 
 INFO: ForkedBooter - Calling intProperty.set(4096). 
 INFO: ForkedBooter - 
 
 INFO: ForkedBooter - Added change listener. 
 INFO: ForkedBooter - Calling intProperty.set(5120). 
 INFO: ForkedBooter - The observableValue has changed: oldValue = 4096, newValue = 5120 
 INFO: ForkedBooter - Removed change listener. 
 INFO: ForkedBooter - Calling intProperty.set(6144). 
 INFO: ForkedBooter - 
 
 INFO: ForkedBooter - otherProperty.get() = 0 
 INFO: ForkedBooter - Binding otherProperty to intProperty. 
 INFO: ForkedBooter - otherProperty.get() = 6144 
 INFO: ForkedBooter - Calling intProperty.set(7168). 
 INFO: ForkedBooter - otherProperty.get() = 7168 
 INFO: ForkedBooter - Unbinding otherProperty from intProperty. 
 INFO: ForkedBooter - otherProperty.get() = 7168 
 INFO: ForkedBooter - Calling intProperty.set(8192). 
 INFO: ForkedBooter - otherProperty.get() = 7168 
 INFO: ForkedBooter - Calling add("First"):  
 INFO: ForkedBooter - 	list invalidated 
 INFO: ForkedBooter - 	strings = [First] 
 INFO: ForkedBooter - Calling add(0, "Zeroth"):  
 INFO: ForkedBooter - 	list invalidated 
 INFO: ForkedBooter - 	strings = [Zeroth, First] 
 INFO: ForkedBooter - Calling addAll("Second", "Third"):  
 INFO: ForkedBooter - 	list invalidated 
 INFO: ForkedBooter - 	strings = [Zeroth, First, Second, Third] 
 INFO: ForkedBooter - Calling set(1, "New First"):  
 INFO: ForkedBooter - 	list invalidated 
 INFO: ForkedBooter - 	strings = [Zeroth, New First, Second, Third] 
 INFO: ForkedBooter - Calling addAll(3, list):  
 INFO: ForkedBooter - 	list invalidated 
 INFO: ForkedBooter - 	strings = [Zeroth, New First, Second, Second_1, Second_2, Third] 
 INFO: ForkedBooter - Calling remove(2, 4):  
 INFO: ForkedBooter - 	list invalidated 
 INFO: ForkedBooter - 	strings = [Zeroth, New First, Second_2, Third] 
 INFO: ForkedBooter - Calling remove() on iterator:  
 INFO: ForkedBooter - 	list invalidated 
 INFO: ForkedBooter - 	strings = [New First, Second_2, Third] 
 INFO: ForkedBooter - Calling remove() on iterator:  
 INFO: ForkedBooter - 	list invalidated 
 INFO: ForkedBooter - 	strings = [Second_2, Third] 
 INFO: ForkedBooter - Calling removeAll("Third", "Fourth"):  
 INFO: ForkedBooter - 	list invalidated 
 INFO: ForkedBooter - 	strings = [Second_2] 
 INFO: ForkedBooter - Calling addAll("Zero", "One", "Two", "Three"):  
 INFO: MyListenerExamples - 	list = [Zero, One, Two, Three] 
 INFO: MyListenerExamples - 	Change event data:
		cursor = 0
		Kind of change: added
		Affected range: [0, 4]
		Added size: 4
		Added sublist: [Zero, One, Two, Three]
 
 INFO: ForkedBooter - Calling FXCollections.sort(strings):  
 INFO: MyListenerExamples - 	list = [One, Three, Two, Zero] 
 INFO: MyListenerExamples - 	Change event data:
		cursor = 0
		Kind of change: permutted
		Affected range: [0, 4]
		Permutation: [0->3, 1->0, 2->2, 3->1]
 
 INFO: ForkedBooter - Calling set(1, "Three_1"):  
 INFO: MyListenerExamples - 	list = [One, Three_1, Two, Zero] 
 INFO: MyListenerExamples - 	Change event data:
		cursor = 0
		Kind of change: replaced
		Affected range: [1, 2]
		Added size: 1
		Added sublist: [Three_1]
		Removed size: 1
		Removed: [Three]
 
 INFO: ForkedBooter - Calling setAll("One_1", "Three_1", "Two_1", "Zero_1"):  
 INFO: MyListenerExamples - 	list = [One_1, Three_1, Two_1, Zero_1] 
 INFO: MyListenerExamples - 	Change event data:
		cursor = 0
		Kind of change: replaced
		Affected range: [0, 4]
		Added size: 4
		Added sublist: [One_1, Three_1, Two_1, Zero_1]
		Removed size: 4
		Removed: [One, Three_1, Two, Zero]
 
 INFO: ForkedBooter - Calling removeAll("One_1", "Two_1", "Zero_1"):  
 INFO: MyListenerExamples - 	list = [Three_1] 
 INFO: MyListenerExamples - 	Change event data:
		cursor = 0
		Kind of change: removed
		Affected range: [0, 0]
		Removed size: 1
		Removed: [One_1]
		cursor = 1
		Kind of change: removed
		Affected range: [1, 1]
		Removed size: 2
		Removed: [Two_1, Zero_1]
 
 INFO: ForkedBooter - Calling put("First", 1):  
 INFO: MyListenerMapExamples - 	map = {First=1} 
 INFO: MyListenerMapExamples - 	Change event data:
		Was added: true
		Was removed: false
		Key: First
		Value added: 1
		Value removed: null
 
 INFO: ForkedBooter - Calling put("First", 100):  
 INFO: MyListenerMapExamples - 	map = {First=100} 
 INFO: MyListenerMapExamples - 	Change event data:
		Was added: true
		Was removed: true
		Key: First
		Value added: 100
		Value removed: 1
 
 INFO: ForkedBooter - Calling putAll(anotherMap):  
 INFO: MyListenerMapExamples - 	map = {Second=2, First=100} 
 INFO: MyListenerMapExamples - 	Change event data:
		Was added: true
		Was removed: false
		Key: Second
		Value added: 2
		Value removed: null
 
 INFO: MyListenerMapExamples - 	map = {Second=2, Third=3, First=100} 
 INFO: MyListenerMapExamples - 	Change event data:
		Was added: true
		Was removed: false
		Key: Third
		Value added: 3
		Value removed: null
 
 INFO: ForkedBooter - Calling remove on entryIterator:  
 INFO: MyListenerMapExamples - 	map = {Third=3, First=100} 
 INFO: MyListenerMapExamples - 	Change event data:
		Was added: false
		Was removed: true
		Key: Second
		Value added: null
		Value removed: 2
 
 INFO: ForkedBooter - Calling remove on valueIterator:  
 INFO: MyListenerMapExamples - 	map = {First=100} 
 INFO: MyListenerMapExamples - 	Change event data:
		Was added: false
		Was removed: true
		Key: Third
		Value added: null
		Value removed: 3
 
 INFO: ForkedBooter - Calling addAll("Zero", "One", "Two", "Three"):  
 INFO: MyListenerMethodsExamples - 	list = [Zero, One, Two, Three] 
 INFO: MyListenerMethodsExamples - 	Change event data:
		cursor = 0
		Kind of change: added
		Affected range: [0, 4]
		Added size: 4
		Added sublist: [Zero, One, Two, Three]
 
 INFO: ForkedBooter - Calling copy:  
 INFO: MyListenerMethodsExamples - 	list = [Four, Five, Two, Three] 
 INFO: MyListenerMethodsExamples - 	Change event data:
		cursor = 0
		Kind of change: replaced
		Affected range: [0, 4]
		Added size: 4
		Added sublist: [Four, Five, Two, Three]
		Removed size: 4
		Removed: [Zero, One, Two, Three]
 
 INFO: ForkedBooter - Calling replaceAll:  
 INFO: MyListenerMethodsExamples - 	list = [Four, Five, Two_1, Three] 
 INFO: MyListenerMethodsExamples - 	Change event data:
		cursor = 0
		Kind of change: replaced
		Affected range: [0, 4]
		Added size: 4
		Added sublist: [Four, Five, Two_1, Three]
		Removed size: 4
		Removed: [Four, Five, Two, Three]
 
 INFO: ForkedBooter - Calling reverse:  
 INFO: MyListenerMethodsExamples - 	list = [Three, Two_1, Five, Four] 
 INFO: MyListenerMethodsExamples - 	Change event data:
		cursor = 0
		Kind of change: replaced
		Affected range: [0, 4]
		Added size: 4
		Added sublist: [Three, Two_1, Five, Four]
		Removed size: 4
		Removed: [Four, Five, Two_1, Three]
 
 INFO: ForkedBooter - Calling rotate(strings, 2:  
 INFO: MyListenerMethodsExamples - 	list = [Five, Four, Three, Two_1] 
 INFO: MyListenerMethodsExamples - 	Change event data:
		cursor = 0
		Kind of change: replaced
		Affected range: [0, 4]
		Added size: 4
		Added sublist: [Five, Four, Three, Two_1]
		Removed size: 4
		Removed: [Three, Two_1, Five, Four]
 
 INFO: ForkedBooter - Calling shuffle(strings):  
 INFO: MyListenerMethodsExamples - 	list = [Four, Three, Five, Two_1] 
 INFO: MyListenerMethodsExamples - 	Change event data:
		cursor = 0
		Kind of change: replaced
		Affected range: [0, 4]
		Added size: 4
		Added sublist: [Four, Three, Five, Two_1]
		Removed size: 4
		Removed: [Five, Four, Three, Two_1]
 
 INFO: ForkedBooter - Calling shuffle(strings, new Random(0L)):  
 INFO: MyListenerMethodsExamples - 	list = [Two_1, Four, Three, Five] 
 INFO: MyListenerMethodsExamples - 	Change event data:
		cursor = 0
		Kind of change: replaced
		Affected range: [0, 4]
		Added size: 4
		Added sublist: [Two_1, Four, Three, Five]
		Removed size: 4
		Removed: [Four, Three, Five, Two_1]
 
 INFO: ForkedBooter - Calling sort(strings):  
 INFO: MyListenerMethodsExamples - 	list = [Five, Four, Three, Two_1] 
 INFO: MyListenerMethodsExamples - 	Change event data:
		cursor = 0
		Kind of change: permutted
		Affected range: [0, 4]
		Permutation: [0->3, 1->1, 2->2, 3->0]
 
 INFO: ForkedBooter - Calling sort(strings, c) with custom comparator:  
 INFO: MyListenerMethodsExamples - 	list = [Two_1, Three, Four, Five] 
 INFO: MyListenerMethodsExamples - 	Change event data:
		cursor = 0
		Kind of change: permutted
		Affected range: [0, 4]
		Permutation: [0->3, 1->2, 2->1, 3->0]
 
 INFO: ForkedBooter - Calling fill(strings, "Ten"):  
 INFO: MyListenerMethodsExamples - 	list = [Ten, Ten, Ten, Ten] 
 INFO: MyListenerMethodsExamples - 	Change event data:
		cursor = 0
		Kind of change: replaced
		Affected range: [0, 4]
		Added size: 4
		Added sublist: [Ten, Ten, Ten, Ten]
		Removed size: 4
		Removed: [Two_1, Three, Four, Five]
 
 INFO: FXTesting - LeitorArquivos.getMedicamentosSNGPCPDF took 000:00:00.179 
 INFO: FXTesting - ExcelService.exportList took 000:00:00.690 
 INFO: FXTesting - WordService.getPowerPointImages took 000:00:00.095 
 INFO: FXTesting - WordService.getWord took 000:00:00.165 
 INFO: FXTesting - JapanRefactoring.refactorJapaneseFile took 000:00:00.376 
 INFO: FXTesting - JapaneseVerbConjugate.conjugateVerb took 000:00:00.001 
 INFO: FXTesting - CompareAnswers.compare took 000:00:00.001 
Tests run: 10, Failures: 0, Errors: 0, Skipped: 0, Time elapsed: 47.323 sec - in exercism.JavaExercisesTest
Running exercism.PangramTest
Tests run: 5, Failures: 0, Errors: 0, Skipped: 0, Time elapsed: 0 sec - in exercism.PangramTest
Running exercism.RobotTest
Tests run: 3, Failures: 0, Errors: 0, Skipped: 0, Time elapsed: 0 sec - in exercism.RobotTest
Running exercism.ScrabbleScoreTest
Tests run: 9, Failures: 0, Errors: 0, Skipped: 0, Time elapsed: 0.008 sec - in exercism.ScrabbleScoreTest
Running exercism.ShiftCipherTest
 INFO: VigenereCCipher - 2.9843478579654774 <--- best so far 
 INFO: VigenereCCipher - 2.4836843916509213 <--- best so far 
 INFO: VigenereCCipher - 1.9766506455056416 <--- best so far 
 INFO: VigenereCCipher - 1.051163172611225 <--- best so far 
 INFO: VigenereCCipher - 0.1523697341464736 <--- best so far 
 INFO: VigenereCCipher - 0.12139264407266619 <--- best so far 
Tests run: 4, Failures: 0, Errors: 0, Skipped: 0, Time elapsed: 0.012 sec - in exercism.ShiftCipherTest
Running exercism.WordCountTest
Tests run: 6, Failures: 0, Errors: 0, Skipped: 0, Time elapsed: 0 sec - in exercism.WordCountTest
Running neuro.BrazilianVerbsTest
Tests run: 32, Failures: 0, Errors: 0, Skipped: 0, Time elapsed: 0.02 sec - in neuro.BrazilianVerbsTest
Running neuro.BrazilianWordRulesTest
Tests run: 2, Failures: 0, Errors: 0, Skipped: 0, Time elapsed: 3.692 sec - in neuro.BrazilianWordRulesTest
Running neuro.BrazilianWordTest
Tests run: 98, Failures: 0, Errors: 0, Skipped: 0, Time elapsed: 0.02 sec - in neuro.BrazilianWordTest

Results :

Tests run: 269, Failures: 0, Errors: 0, Skipped: 0

[INFO] 
[INFO] --- maven-jar-plugin:2.4:jar (default-jar) @ Experiments ---
[INFO] Building jar: C:\Users\guilherme.hmedeiros\git\FXperiment\target\Experiments-0.0.1.jar
[INFO] 
[INFO] --- maven-install-plugin:2.4:install (default-install) @ Experiments ---
[INFO] Installing C:\Users\guilherme.hmedeiros\git\FXperiment\target\Experiments-0.0.1.jar to C:\Users\guilherme.hmedeiros\.m2\repository\Experiments\Experiments\0.0.1\Experiments-0.0.1.jar
[INFO] Installing C:\Users\guilherme.hmedeiros\git\FXperiment\pom.xml to C:\Users\guilherme.hmedeiros\.m2\repository\Experiments\Experiments\0.0.1\Experiments-0.0.1.pom
[INFO] ------------------------------------------------------------------------
[INFO] BUILD SUCCESS
[INFO] ------------------------------------------------------------------------
[INFO] Total time: 04:44 min
[INFO] Finished at: 2018-09-18T05:06:34-03:00
[INFO] ------------------------------------------------------------------------
